1599309809250	geckodriver	INFO	Listening on 127.0.0.1:49776
1599309812295	mozrunner::runner	INFO	Running command: "C:\\Program Files\\Mozilla Firefox\\firefox.exe" "--marionette" "-foreground" "-no-remote" "-profile" "C:\\Users\\neejo\\AppData\\Local\\Temp\\rust_mozprofileBMaz3S"
JavaScript error: resource://gre/modules/XULStore.jsm, line 66: Error: Can't find profile directory.
console.error: SearchCache: "_readCacheFile: Error reading cache file:" (new Error("", "(unknown module)"))
console.error: Region.jsm: "Error fetching region" (new TypeError("NetworkError when attempting to fetch resource.", ""))
console.error: Region.jsm: "Failed to fetch region" (new Error("NO_RESULT", "resource://gre/modules/Region.jsm", 343))
1599309815028	Marionette	INFO	Listening on port 49784
1599309815415	Marionette	WARN	TLS certificate errors will be ignored for this session
JavaScript warning: https://mars.nasa.gov/assets/public_manifest-b7762ffb108de93fcd0be3bfd82579b100241cc4ee1c087af5f886c0903244cf.js, line 2: Using //@ to indicate sourceMappingURL pragmas is deprecated. Use //# instead
JavaScript error: https://mars.nasa.gov/assets/mb_manifest-a0ae601bc18c852649e350709ab440161da58529f782ae84172c21f8ea27b714.js, line 1: TypeError: this.setViewportHeightVariable is not a function
JavaScript warning: https://mars.nasa.gov/assets/public_manifest-b7762ffb108de93fcd0be3bfd82579b100241cc4ee1c087af5f886c0903244cf.js, line 2: Using //@ to indicate sourceMappingURL pragmas is deprecated. Use //# instead
JavaScript error: https://mars.nasa.gov/assets/mb_manifest-a0ae601bc18c852649e350709ab440161da58529f782ae84172c21f8ea27b714.js, line 1: TypeError: this.setViewportHeightVariable is not a function
JavaScript warning: https://mars.nasa.gov/assets/public_manifest-b7762ffb108de93fcd0be3bfd82579b100241cc4ee1c087af5f886c0903244cf.js, line 2: Using //@ to indicate sourceMappingURL pragmas is deprecated. Use //# instead
JavaScript error: https://mars.nasa.gov/assets/mb_manifest-a0ae601bc18c852649e350709ab440161da58529f782ae84172c21f8ea27b714.js, line 1: TypeError: this.setViewportHeightVariable is not a function
1599311913395	Marionette	INFO	Stopped listening on port 49784

###!!! [Child][RunMessage] Error: Channel closing: too late to send/recv, messages will be lost


###!!! [Child][MessageChannel::SendAndWait] Error: Channel error: cannot send/recv

1599311942077	geckodriver	INFO	Listening on 127.0.0.1:50080
1599311945122	mozrunner::runner	INFO	Running command: "C:\\Program Files\\Mozilla Firefox\\firefox.exe" "--marionette" "-foreground" "-no-remote" "-profile" "C:\\Users\\neejo\\AppData\\Local\\Temp\\rust_mozprofileL8tgcg"
JavaScript error: resource://gre/modules/XULStore.jsm, line 66: Error: Can't find profile directory.
console.error: SearchCache: "_readCacheFile: Error reading cache file:" (new Error("", "(unknown module)"))
1599311947467	Marionette	INFO	Listening on port 50090
1599311947740	Marionette	WARN	TLS certificate errors will be ignored for this session
JavaScript warning: https://mars.nasa.gov/assets/public_manifest-b7762ffb108de93fcd0be3bfd82579b100241cc4ee1c087af5f886c0903244cf.js, line 2: Using //@ to indicate sourceMappingURL pragmas is deprecated. Use //# instead
JavaScript error: https://mars.nasa.gov/assets/mb_manifest-a0ae601bc18c852649e350709ab440161da58529f782ae84172c21f8ea27b714.js, line 1: TypeError: this.setViewportHeightVariable is not a function
JavaScript error: , line 0: NS_ERROR_NOT_AVAILABLE
1599499949646	geckodriver	INFO	Listening on 127.0.0.1:55561
1599499952686	mozrunner::runner	INFO	Running command: "C:\\Program Files\\Mozilla Firefox\\firefox.exe" "--marionette" "-foreground" "-no-remote" "-profile" "C:\\Users\\neejo\\AppData\\Local\\Temp\\rust_mozprofileUrsSSM"
JavaScript error: resource://gre/modules/XULStore.jsm, line 66: Error: Can't find profile directory.
console.error: SearchCache: "_readCacheFile: Error reading cache file:" (new Error("", "(unknown module)"))
1599499957361	Marionette	INFO	Listening on port 55571
1599499957422	Marionette	WARN	TLS certificate errors will be ignored for this session
